18/Nov/2020 13:04:47,717- InternalLoggerFactory: Using SLF4J as the default logging framework
18/Nov/2020 13:04:47,731- ResourceLeakDetector: -Dio.netty.leakDetection.level: simple
18/Nov/2020 13:04:47,731- ResourceLeakDetector: -Dio.netty.leakDetection.maxRecords: 4
18/Nov/2020 13:04:47,781- MultithreadEventLoopGroup: -Dio.netty.eventLoopThreads: 8
18/Nov/2020 13:04:47,843- PlatformDependent: -Dio.netty.noUnsafe: false
18/Nov/2020 13:04:47,859- PlatformDependent0: java.nio.Buffer.address: available
18/Nov/2020 13:04:47,866- PlatformDependent0: sun.misc.Unsafe.theUnsafe: available
18/Nov/2020 13:04:47,869- PlatformDependent0: sun.misc.Unsafe.copyMemory: available
18/Nov/2020 13:04:47,871- PlatformDependent0: direct buffer constructor: available
18/Nov/2020 13:04:47,873- PlatformDependent0: java.nio.Bits.unaligned: available, true
18/Nov/2020 13:04:47,873- PlatformDependent0: java.nio.DirectByteBuffer.<init>(long, int): available
18/Nov/2020 13:04:47,882- Cleaner0: java.nio.ByteBuffer.cleaner(): unavailable
18/Nov/2020 13:04:47,883- PlatformDependent: Platform: Windows
18/Nov/2020 13:04:47,889- PlatformDependent: Java version: 14
18/Nov/2020 13:04:47,890- PlatformDependent: sun.misc.Unsafe: available
18/Nov/2020 13:04:47,894- PlatformDependent: maxDirectMemory: 1589641216 bytes (maybe)
18/Nov/2020 13:04:47,897- PlatformDependent: -Dio.netty.noJavassist: false
18/Nov/2020 13:04:47,973- PlatformDependent: Javassist: unavailable
18/Nov/2020 13:04:47,973- PlatformDependent: You don't have Javassist in your class path or you don't have enough permission to load dynamically generated classes.  Please check the configuration for better performance.
18/Nov/2020 13:04:47,975- PlatformDependent: -Dio.netty.tmpdir: C:\Users\ap-gomez\AppData\Local\Temp (java.io.tmpdir)
18/Nov/2020 13:04:47,975- PlatformDependent: -Dio.netty.bitMode: 64 (sun.arch.data.model)
18/Nov/2020 13:04:47,976- PlatformDependent: -Dio.netty.noPreferDirect: false
18/Nov/2020 13:04:47,979- PlatformDependent: maxDirectMemory: 1589641216 bytes (maybe)
18/Nov/2020 13:04:47,980- PlatformDependent: io.netty.maxDirectMemory: 1589641216 bytes
18/Nov/2020 13:04:48,087- NioEventLoop: -Dio.netty.noKeySetOptimization: false
18/Nov/2020 13:04:48,088- NioEventLoop: -Dio.netty.selectorAutoRebuildThreshold: 512
18/Nov/2020 13:04:48,098- PlatformDependent: org.jctools-core.MpscChunkedArrayQueue: available
18/Nov/2020 13:04:48,334- DnsServerAddresses: Default DNS servers: [/10.0.196.139:53, /10.0.196.141:53, /200.52.170.150:53] (sun.net.dns.ResolverConfiguration)
18/Nov/2020 13:04:50,033- Starter: Failed in deploying verticle
java.lang.IllegalStateException: Cannot find proxyClass: com.vertx.example3.service.sensor.SensorServiceVertxProxyHandler
	at io.vertx.serviceproxy.ProxyHelper.loadClass(ProxyHelper.java:104) ~[vertx-service-proxy-3.4.1.jar:?]
	at io.vertx.serviceproxy.ProxyHelper.registerService(ProxyHelper.java:78) ~[vertx-service-proxy-3.4.1.jar:?]
	at io.vertx.serviceproxy.ProxyHelper.registerService(ProxyHelper.java:71) ~[vertx-service-proxy-3.4.1.jar:?]
	at io.vertx.serviceproxy.ProxyHelper.registerService(ProxyHelper.java:65) ~[vertx-service-proxy-3.4.1.jar:?]
	at com.vertx.example3.Example3MainVerticle.start(Example3MainVerticle.java:32) ~[classes/:?]
	at io.vertx.core.impl.DeploymentManager.lambda$doDeploy$8(DeploymentManager.java:434) ~[vertx-core-3.4.1.jar:?]
	at io.vertx.core.impl.ContextImpl.lambda$wrapTask$2(ContextImpl.java:337) ~[vertx-core-3.4.1.jar:?]
	at io.netty.util.concurrent.AbstractEventExecutor.safeExecute(AbstractEventExecutor.java:163) [netty-common-4.1.8.Final.jar:4.1.8.Final]
	at io.netty.util.concurrent.SingleThreadEventExecutor.runAllTasks(SingleThreadEventExecutor.java:403) [netty-common-4.1.8.Final.jar:4.1.8.Final]
	at io.netty.channel.nio.NioEventLoop.run(NioEventLoop.java:445) [netty-transport-4.1.8.Final.jar:4.1.8.Final]
	at io.netty.util.concurrent.SingleThreadEventExecutor$5.run(SingleThreadEventExecutor.java:858) [netty-common-4.1.8.Final.jar:4.1.8.Final]
	at java.lang.Thread.run(Unknown Source) [?:?]
Caused by: java.lang.ClassNotFoundException: com.vertx.example3.service.sensor.SensorServiceVertxProxyHandler
	at jdk.internal.loader.BuiltinClassLoader.loadClass(Unknown Source) ~[?:?]
	at jdk.internal.loader.ClassLoaders$AppClassLoader.loadClass(Unknown Source) ~[?:?]
	at java.lang.ClassLoader.loadClass(Unknown Source) ~[?:?]
	at io.vertx.serviceproxy.ProxyHelper.loadClass(ProxyHelper.java:102) ~[vertx-service-proxy-3.4.1.jar:?]
	... 11 more
18/Nov/2020 13:22:07,857- InternalLoggerFactory: Using SLF4J as the default logging framework
18/Nov/2020 13:22:07,873- ResourceLeakDetector: -Dio.netty.leakDetection.level: simple
18/Nov/2020 13:22:07,874- ResourceLeakDetector: -Dio.netty.leakDetection.maxRecords: 4
18/Nov/2020 13:22:07,919- MultithreadEventLoopGroup: -Dio.netty.eventLoopThreads: 8
18/Nov/2020 13:22:07,963- PlatformDependent: -Dio.netty.noUnsafe: false
18/Nov/2020 13:22:07,976- PlatformDependent0: java.nio.Buffer.address: available
18/Nov/2020 13:22:07,979- PlatformDependent0: sun.misc.Unsafe.theUnsafe: available
18/Nov/2020 13:22:07,981- PlatformDependent0: sun.misc.Unsafe.copyMemory: available
18/Nov/2020 13:22:07,983- PlatformDependent0: direct buffer constructor: available
18/Nov/2020 13:22:07,985- PlatformDependent0: java.nio.Bits.unaligned: available, true
18/Nov/2020 13:22:07,985- PlatformDependent0: java.nio.DirectByteBuffer.<init>(long, int): available
18/Nov/2020 13:22:07,989- Cleaner0: java.nio.ByteBuffer.cleaner(): unavailable
18/Nov/2020 13:22:07,990- PlatformDependent: Platform: Windows
18/Nov/2020 13:22:07,991- PlatformDependent: Java version: 14
18/Nov/2020 13:22:07,992- PlatformDependent: sun.misc.Unsafe: available
18/Nov/2020 13:22:07,994- PlatformDependent: maxDirectMemory: 1589641216 bytes (maybe)
18/Nov/2020 13:22:07,995- PlatformDependent: -Dio.netty.noJavassist: false
18/Nov/2020 13:22:07,997- PlatformDependent: Javassist: unavailable
18/Nov/2020 13:22:07,997- PlatformDependent: You don't have Javassist in your class path or you don't have enough permission to load dynamically generated classes.  Please check the configuration for better performance.
18/Nov/2020 13:22:07,998- PlatformDependent: -Dio.netty.tmpdir: C:\Users\ap-gomez\AppData\Local\Temp (java.io.tmpdir)
18/Nov/2020 13:22:07,998- PlatformDependent: -Dio.netty.bitMode: 64 (sun.arch.data.model)
18/Nov/2020 13:22:07,999- PlatformDependent: -Dio.netty.noPreferDirect: false
18/Nov/2020 13:22:08,000- PlatformDependent: maxDirectMemory: 1589641216 bytes (maybe)
18/Nov/2020 13:22:08,004- PlatformDependent: io.netty.maxDirectMemory: 1589641216 bytes
18/Nov/2020 13:22:08,060- NioEventLoop: -Dio.netty.noKeySetOptimization: false
18/Nov/2020 13:22:08,060- NioEventLoop: -Dio.netty.selectorAutoRebuildThreshold: 512
18/Nov/2020 13:22:08,066- PlatformDependent: org.jctools-core.MpscChunkedArrayQueue: available
18/Nov/2020 13:22:08,213- DnsServerAddresses: Default DNS servers: [/10.0.196.139:53, /10.0.196.141:53, /200.52.170.150:53] (sun.net.dns.ResolverConfiguration)
18/Nov/2020 13:22:09,543- Starter: Failed in deploying verticle
java.lang.IllegalStateException: Cannot find proxyClass: com.vertx.example3.service.sensor.SensorServiceVertxProxyHandler
	at io.vertx.serviceproxy.ProxyHelper.loadClass(ProxyHelper.java:104) ~[vertx-service-proxy-3.4.1.jar:?]
	at io.vertx.serviceproxy.ProxyHelper.registerService(ProxyHelper.java:78) ~[vertx-service-proxy-3.4.1.jar:?]
	at io.vertx.serviceproxy.ProxyHelper.registerService(ProxyHelper.java:71) ~[vertx-service-proxy-3.4.1.jar:?]
	at io.vertx.serviceproxy.ProxyHelper.registerService(ProxyHelper.java:65) ~[vertx-service-proxy-3.4.1.jar:?]
	at com.vertx.example3.Example3MainVerticle.start(Example3MainVerticle.java:32) ~[classes/:?]
	at io.vertx.core.impl.DeploymentManager.lambda$doDeploy$8(DeploymentManager.java:434) ~[vertx-core-3.4.1.jar:?]
	at io.vertx.core.impl.ContextImpl.lambda$wrapTask$2(ContextImpl.java:337) ~[vertx-core-3.4.1.jar:?]
	at io.netty.util.concurrent.AbstractEventExecutor.safeExecute(AbstractEventExecutor.java:163) [netty-common-4.1.8.Final.jar:4.1.8.Final]
	at io.netty.util.concurrent.SingleThreadEventExecutor.runAllTasks(SingleThreadEventExecutor.java:403) [netty-common-4.1.8.Final.jar:4.1.8.Final]
	at io.netty.channel.nio.NioEventLoop.run(NioEventLoop.java:445) [netty-transport-4.1.8.Final.jar:4.1.8.Final]
	at io.netty.util.concurrent.SingleThreadEventExecutor$5.run(SingleThreadEventExecutor.java:858) [netty-common-4.1.8.Final.jar:4.1.8.Final]
	at java.lang.Thread.run(Unknown Source) [?:?]
Caused by: java.lang.ClassNotFoundException: com.vertx.example3.service.sensor.SensorServiceVertxProxyHandler
	at jdk.internal.loader.BuiltinClassLoader.loadClass(Unknown Source) ~[?:?]
	at jdk.internal.loader.ClassLoaders$AppClassLoader.loadClass(Unknown Source) ~[?:?]
	at java.lang.ClassLoader.loadClass(Unknown Source) ~[?:?]
	at io.vertx.serviceproxy.ProxyHelper.loadClass(ProxyHelper.java:102) ~[vertx-service-proxy-3.4.1.jar:?]
	... 11 more
18/Nov/2020 13:57:39,390- InternalLoggerFactory: Using SLF4J as the default logging framework
18/Nov/2020 13:57:39,398- ResourceLeakDetector: -Dio.netty.leakDetection.level: simple
18/Nov/2020 13:57:39,399- ResourceLeakDetector: -Dio.netty.leakDetection.maxRecords: 4
18/Nov/2020 13:57:39,416- MultithreadEventLoopGroup: -Dio.netty.eventLoopThreads: 8
18/Nov/2020 13:57:39,436- PlatformDependent: -Dio.netty.noUnsafe: false
18/Nov/2020 13:57:39,441- PlatformDependent0: java.nio.Buffer.address: available
18/Nov/2020 13:57:39,443- PlatformDependent0: sun.misc.Unsafe.theUnsafe: available
18/Nov/2020 13:57:39,445- PlatformDependent0: sun.misc.Unsafe.copyMemory: available
18/Nov/2020 13:57:39,447- PlatformDependent0: direct buffer constructor: available
18/Nov/2020 13:57:39,448- PlatformDependent0: java.nio.Bits.unaligned: available, true
18/Nov/2020 13:57:39,448- PlatformDependent0: java.nio.DirectByteBuffer.<init>(long, int): available
18/Nov/2020 13:57:39,451- Cleaner0: java.nio.ByteBuffer.cleaner(): unavailable
18/Nov/2020 13:57:39,452- PlatformDependent: Platform: Windows
18/Nov/2020 13:57:39,453- PlatformDependent: Java version: 14
18/Nov/2020 13:57:39,454- PlatformDependent: sun.misc.Unsafe: available
18/Nov/2020 13:57:39,456- PlatformDependent: maxDirectMemory: 1589641216 bytes (maybe)
18/Nov/2020 13:57:39,456- PlatformDependent: -Dio.netty.noJavassist: false
18/Nov/2020 13:57:39,458- PlatformDependent: Javassist: unavailable
18/Nov/2020 13:57:39,460- PlatformDependent: You don't have Javassist in your class path or you don't have enough permission to load dynamically generated classes.  Please check the configuration for better performance.
18/Nov/2020 13:57:39,461- PlatformDependent: -Dio.netty.tmpdir: C:\Users\ap-gomez\AppData\Local\Temp (java.io.tmpdir)
18/Nov/2020 13:57:39,462- PlatformDependent: -Dio.netty.bitMode: 64 (sun.arch.data.model)
18/Nov/2020 13:57:39,462- PlatformDependent: -Dio.netty.noPreferDirect: false
18/Nov/2020 13:57:39,463- PlatformDependent: maxDirectMemory: 1589641216 bytes (maybe)
18/Nov/2020 13:57:39,463- PlatformDependent: io.netty.maxDirectMemory: 1589641216 bytes
18/Nov/2020 13:57:39,487- NioEventLoop: -Dio.netty.noKeySetOptimization: false
18/Nov/2020 13:57:39,487- NioEventLoop: -Dio.netty.selectorAutoRebuildThreshold: 512
18/Nov/2020 13:57:39,490- PlatformDependent: org.jctools-core.MpscChunkedArrayQueue: available
18/Nov/2020 13:57:39,724- DnsServerAddresses: Default DNS servers: [/10.0.196.139:53, /10.0.196.141:53, /200.52.170.150:53] (sun.net.dns.ResolverConfiguration)
18/Nov/2020 13:57:40,398- Starter: Failed in deploying verticle
java.lang.IllegalStateException: Cannot find proxyClass: com.vertx.example3.service.sensor.SensorServiceVertxProxyHandler
	at io.vertx.serviceproxy.ProxyHelper.loadClass(ProxyHelper.java:104) ~[vertx-service-proxy-3.4.1.jar:?]
	at io.vertx.serviceproxy.ProxyHelper.registerService(ProxyHelper.java:78) ~[vertx-service-proxy-3.4.1.jar:?]
	at io.vertx.serviceproxy.ProxyHelper.registerService(ProxyHelper.java:71) ~[vertx-service-proxy-3.4.1.jar:?]
	at io.vertx.serviceproxy.ProxyHelper.registerService(ProxyHelper.java:65) ~[vertx-service-proxy-3.4.1.jar:?]
	at com.vertx.example3.Example3MainVerticle.start(Example3MainVerticle.java:32) ~[classes/:?]
	at io.vertx.core.impl.DeploymentManager.lambda$doDeploy$8(DeploymentManager.java:434) ~[vertx-core-3.4.1.jar:?]
	at io.vertx.core.impl.ContextImpl.lambda$wrapTask$2(ContextImpl.java:337) ~[vertx-core-3.4.1.jar:?]
	at io.netty.util.concurrent.AbstractEventExecutor.safeExecute(AbstractEventExecutor.java:163) [netty-common-4.1.8.Final.jar:4.1.8.Final]
	at io.netty.util.concurrent.SingleThreadEventExecutor.runAllTasks(SingleThreadEventExecutor.java:403) [netty-common-4.1.8.Final.jar:4.1.8.Final]
	at io.netty.channel.nio.NioEventLoop.run(NioEventLoop.java:445) [netty-transport-4.1.8.Final.jar:4.1.8.Final]
	at io.netty.util.concurrent.SingleThreadEventExecutor$5.run(SingleThreadEventExecutor.java:858) [netty-common-4.1.8.Final.jar:4.1.8.Final]
	at java.lang.Thread.run(Unknown Source) [?:?]
Caused by: java.lang.ClassNotFoundException: com.vertx.example3.service.sensor.SensorServiceVertxProxyHandler
	at jdk.internal.loader.BuiltinClassLoader.loadClass(Unknown Source) ~[?:?]
	at jdk.internal.loader.ClassLoaders$AppClassLoader.loadClass(Unknown Source) ~[?:?]
	at java.lang.ClassLoader.loadClass(Unknown Source) ~[?:?]
	at io.vertx.serviceproxy.ProxyHelper.loadClass(ProxyHelper.java:102) ~[vertx-service-proxy-3.4.1.jar:?]
	... 11 more
18/Nov/2020 17:11:55,560- InternalLoggerFactory: Using SLF4J as the default logging framework
18/Nov/2020 17:11:55,568- ResourceLeakDetector: -Dio.netty.leakDetection.level: simple
18/Nov/2020 17:11:55,568- ResourceLeakDetector: -Dio.netty.leakDetection.maxRecords: 4
18/Nov/2020 17:11:55,585- MultithreadEventLoopGroup: -Dio.netty.eventLoopThreads: 8
18/Nov/2020 17:11:55,605- PlatformDependent: -Dio.netty.noUnsafe: false
18/Nov/2020 17:11:55,609- PlatformDependent0: java.nio.Buffer.address: available
18/Nov/2020 17:11:55,611- PlatformDependent0: sun.misc.Unsafe.theUnsafe: available
18/Nov/2020 17:11:55,613- PlatformDependent0: sun.misc.Unsafe.copyMemory: available
18/Nov/2020 17:11:55,615- PlatformDependent0: direct buffer constructor: available
18/Nov/2020 17:11:55,617- PlatformDependent0: java.nio.Bits.unaligned: available, true
18/Nov/2020 17:11:55,618- PlatformDependent0: java.nio.DirectByteBuffer.<init>(long, int): available
18/Nov/2020 17:11:55,622- Cleaner0: java.nio.ByteBuffer.cleaner(): unavailable
18/Nov/2020 17:11:55,624- PlatformDependent: Platform: Windows
18/Nov/2020 17:11:55,625- PlatformDependent: Java version: 14
18/Nov/2020 17:11:55,625- PlatformDependent: sun.misc.Unsafe: available
18/Nov/2020 17:11:55,627- PlatformDependent: maxDirectMemory: 1589641216 bytes (maybe)
18/Nov/2020 17:11:55,627- PlatformDependent: -Dio.netty.noJavassist: false
18/Nov/2020 17:11:55,629- PlatformDependent: Javassist: unavailable
18/Nov/2020 17:11:55,629- PlatformDependent: You don't have Javassist in your class path or you don't have enough permission to load dynamically generated classes.  Please check the configuration for better performance.
18/Nov/2020 17:11:55,630- PlatformDependent: -Dio.netty.tmpdir: C:\Users\ap-gomez\AppData\Local\Temp (java.io.tmpdir)
18/Nov/2020 17:11:55,631- PlatformDependent: -Dio.netty.bitMode: 64 (sun.arch.data.model)
18/Nov/2020 17:11:55,632- PlatformDependent: -Dio.netty.noPreferDirect: false
18/Nov/2020 17:11:55,633- PlatformDependent: maxDirectMemory: 1589641216 bytes (maybe)
18/Nov/2020 17:11:55,634- PlatformDependent: io.netty.maxDirectMemory: 1589641216 bytes
18/Nov/2020 17:11:55,657- NioEventLoop: -Dio.netty.noKeySetOptimization: false
18/Nov/2020 17:11:55,658- NioEventLoop: -Dio.netty.selectorAutoRebuildThreshold: 512
18/Nov/2020 17:11:55,661- PlatformDependent: org.jctools-core.MpscChunkedArrayQueue: available
18/Nov/2020 17:11:55,785- DnsServerAddresses: Default DNS servers: [/10.0.196.139:53, /10.0.196.141:53, /200.52.170.150:53] (sun.net.dns.ResolverConfiguration)
18/Nov/2020 17:11:56,380- Starter: Failed in deploying verticle
java.lang.IllegalStateException: Cannot find proxyClass: com.vertx.example3.service.sensor.SensorServiceVertxProxyHandler
	at io.vertx.serviceproxy.ProxyHelper.loadClass(ProxyHelper.java:104) ~[vertx-service-proxy-3.4.1.jar:?]
	at io.vertx.serviceproxy.ProxyHelper.registerService(ProxyHelper.java:78) ~[vertx-service-proxy-3.4.1.jar:?]
	at io.vertx.serviceproxy.ProxyHelper.registerService(ProxyHelper.java:71) ~[vertx-service-proxy-3.4.1.jar:?]
	at io.vertx.serviceproxy.ProxyHelper.registerService(ProxyHelper.java:65) ~[vertx-service-proxy-3.4.1.jar:?]
	at com.vertx.example3.Example3MainVerticle.start(Example3MainVerticle.java:32) ~[classes/:?]
	at io.vertx.core.impl.DeploymentManager.lambda$doDeploy$8(DeploymentManager.java:434) ~[vertx-core-3.4.1.jar:?]
	at io.vertx.core.impl.ContextImpl.lambda$wrapTask$2(ContextImpl.java:337) ~[vertx-core-3.4.1.jar:?]
	at io.netty.util.concurrent.AbstractEventExecutor.safeExecute(AbstractEventExecutor.java:163) [netty-common-4.1.8.Final.jar:4.1.8.Final]
	at io.netty.util.concurrent.SingleThreadEventExecutor.runAllTasks(SingleThreadEventExecutor.java:403) [netty-common-4.1.8.Final.jar:4.1.8.Final]
	at io.netty.channel.nio.NioEventLoop.run(NioEventLoop.java:445) [netty-transport-4.1.8.Final.jar:4.1.8.Final]
	at io.netty.util.concurrent.SingleThreadEventExecutor$5.run(SingleThreadEventExecutor.java:858) [netty-common-4.1.8.Final.jar:4.1.8.Final]
	at java.lang.Thread.run(Unknown Source) [?:?]
Caused by: java.lang.ClassNotFoundException: com.vertx.example3.service.sensor.SensorServiceVertxProxyHandler
	at jdk.internal.loader.BuiltinClassLoader.loadClass(Unknown Source) ~[?:?]
	at jdk.internal.loader.ClassLoaders$AppClassLoader.loadClass(Unknown Source) ~[?:?]
	at java.lang.ClassLoader.loadClass(Unknown Source) ~[?:?]
	at io.vertx.serviceproxy.ProxyHelper.loadClass(ProxyHelper.java:102) ~[vertx-service-proxy-3.4.1.jar:?]
	... 11 more
18/Nov/2020 18:48:47,675- InternalLoggerFactory: Using SLF4J as the default logging framework
18/Nov/2020 18:48:47,690- ResourceLeakDetector: -Dio.netty.leakDetection.level: simple
18/Nov/2020 18:48:47,691- ResourceLeakDetector: -Dio.netty.leakDetection.maxRecords: 4
18/Nov/2020 18:48:47,728- MultithreadEventLoopGroup: -Dio.netty.eventLoopThreads: 8
18/Nov/2020 18:48:47,773- PlatformDependent: -Dio.netty.noUnsafe: false
18/Nov/2020 18:48:47,807- PlatformDependent0: java.nio.Buffer.address: available
18/Nov/2020 18:48:47,813- PlatformDependent0: sun.misc.Unsafe.theUnsafe: available
18/Nov/2020 18:48:47,816- PlatformDependent0: sun.misc.Unsafe.copyMemory: available
18/Nov/2020 18:48:47,820- PlatformDependent0: direct buffer constructor: available
18/Nov/2020 18:48:47,822- PlatformDependent0: java.nio.Bits.unaligned: available, true
18/Nov/2020 18:48:47,823- PlatformDependent0: java.nio.DirectByteBuffer.<init>(long, int): available
18/Nov/2020 18:48:47,828- Cleaner0: java.nio.ByteBuffer.cleaner(): unavailable
18/Nov/2020 18:48:47,830- PlatformDependent: Platform: Windows
18/Nov/2020 18:48:47,845- PlatformDependent: Java version: 14
18/Nov/2020 18:48:47,848- PlatformDependent: sun.misc.Unsafe: available
18/Nov/2020 18:48:47,855- PlatformDependent: maxDirectMemory: 1589641216 bytes (maybe)
18/Nov/2020 18:48:47,856- PlatformDependent: -Dio.netty.noJavassist: false
18/Nov/2020 18:48:47,860- PlatformDependent: Javassist: unavailable
18/Nov/2020 18:48:47,862- PlatformDependent: You don't have Javassist in your class path or you don't have enough permission to load dynamically generated classes.  Please check the configuration for better performance.
18/Nov/2020 18:48:47,866- PlatformDependent: -Dio.netty.tmpdir: C:\Users\ap-gomez\AppData\Local\Temp (java.io.tmpdir)
18/Nov/2020 18:48:47,867- PlatformDependent: -Dio.netty.bitMode: 64 (sun.arch.data.model)
18/Nov/2020 18:48:47,871- PlatformDependent: -Dio.netty.noPreferDirect: false
18/Nov/2020 18:48:47,874- PlatformDependent: maxDirectMemory: 1589641216 bytes (maybe)
18/Nov/2020 18:48:47,875- PlatformDependent: io.netty.maxDirectMemory: 1589641216 bytes
18/Nov/2020 18:48:47,967- NioEventLoop: -Dio.netty.noKeySetOptimization: false
18/Nov/2020 18:48:47,967- NioEventLoop: -Dio.netty.selectorAutoRebuildThreshold: 512
18/Nov/2020 18:48:47,974- PlatformDependent: org.jctools-core.MpscChunkedArrayQueue: available
18/Nov/2020 18:48:48,123- DnsServerAddresses: Default DNS servers: [/10.0.196.139:53, /10.0.196.141:53, /200.52.170.150:53] (sun.net.dns.ResolverConfiguration)
18/Nov/2020 18:48:49,974- PooledByteBufAllocator: -Dio.netty.allocator.numHeapArenas: 8
18/Nov/2020 18:48:49,975- PooledByteBufAllocator: -Dio.netty.allocator.numDirectArenas: 8
18/Nov/2020 18:48:49,976- PooledByteBufAllocator: -Dio.netty.allocator.pageSize: 8192
18/Nov/2020 18:48:49,976- PooledByteBufAllocator: -Dio.netty.allocator.maxOrder: 11
18/Nov/2020 18:48:49,976- PooledByteBufAllocator: -Dio.netty.allocator.chunkSize: 16777216
18/Nov/2020 18:48:49,979- PooledByteBufAllocator: -Dio.netty.allocator.tinyCacheSize: 512
18/Nov/2020 18:48:49,980- PooledByteBufAllocator: -Dio.netty.allocator.smallCacheSize: 256
18/Nov/2020 18:48:49,981- PooledByteBufAllocator: -Dio.netty.allocator.normalCacheSize: 64
18/Nov/2020 18:48:49,981- PooledByteBufAllocator: -Dio.netty.allocator.maxCachedBufferCapacity: 32768
18/Nov/2020 18:48:49,983- PooledByteBufAllocator: -Dio.netty.allocator.cacheTrimInterval: 8192
18/Nov/2020 18:48:49,984- PooledByteBufAllocator: -Dio.netty.allocator.useCacheForAllThreads: true
18/Nov/2020 18:48:50,067- NetUtil: -Djava.net.preferIPv4Stack: false
18/Nov/2020 18:48:50,067- NetUtil: -Djava.net.preferIPv6Addresses: false
18/Nov/2020 18:48:50,079- NetUtil: Loopback interface: lo (Software Loopback Interface 1, 127.0.0.1)
18/Nov/2020 18:48:50,081- NetUtil: \proc\sys\net\core\somaxconn: 200 (non-existent)
18/Nov/2020 18:48:50,192- DefaultChannelId: -Dio.netty.processId: 10296 (auto-detected)
18/Nov/2020 18:48:50,217- DefaultChannelId: -Dio.netty.machineId: f0:bf:97:ff:fe:da:93:38 (auto-detected)
18/Nov/2020 18:48:50,224- ThreadLocalRandom: -Dio.netty.initialSeedUniquifier: 0xe0819cc981f56d59
18/Nov/2020 18:48:50,285- ByteBufUtil: -Dio.netty.allocator.type: pooled
18/Nov/2020 18:48:50,285- ByteBufUtil: -Dio.netty.threadLocalDirectBufferSize: 65536
18/Nov/2020 18:48:50,286- ByteBufUtil: -Dio.netty.maxThreadLocalCharBufferSize: 16384
18/Nov/2020 18:48:50,322- Example3MainVerticle:  started Example3HttpServerVerticle
18/Nov/2020 18:48:50,324- Example3MainVerticle:  started Example3HttpServerVerticle
18/Nov/2020 18:48:50,326- Example3MainVerticle:  started Example3HttpServerVerticle
18/Nov/2020 18:48:50,327- Example3MainVerticle:  started Example3HttpServerVerticle
18/Nov/2020 18:48:50,334- Example3MainVerticle:  started Example3HttpServerVerticle
18/Nov/2020 18:48:50,335- Example3MainVerticle:  started Example3HttpServerVerticle
18/Nov/2020 18:48:50,342- Example3MainVerticle:  started Example3HttpServerVerticle
18/Nov/2020 18:48:50,342- Example3MainVerticle:  started Example3HttpServerVerticle
18/Nov/2020 18:48:50,362- Example3MainVerticle: Deployment verticle  ok Example3HttpServerVerticle 
18/Nov/2020 18:48:50,374- SensorService: Service  verticle.worker.get.sensor started.
18/Nov/2020 18:48:50,384- SensorService: Service  verticle.worker.get.sensor started.
18/Nov/2020 18:48:50,387- SensorService: Service  verticle.worker.get.sensor started.
18/Nov/2020 18:48:50,391- SensorService: Service  verticle.worker.get.sensor started.
18/Nov/2020 18:48:50,393- SensorService: Service  verticle.worker.get.sensor started.
18/Nov/2020 18:48:50,394- Example3MainVerticle: Deployment verticle  ok SensorWorkerGetVerticle 
18/Nov/2020 18:57:08,154- Recycler: -Dio.netty.recycler.maxCapacityPerThread: 32768
18/Nov/2020 18:57:08,155- Recycler: -Dio.netty.recycler.maxSharedCapacityFactor: 2
18/Nov/2020 18:57:08,155- Recycler: -Dio.netty.recycler.linkCapacity: 16
18/Nov/2020 18:57:08,155- Recycler: -Dio.netty.recycler.ratio: 8
18/Nov/2020 18:57:08,371- AbstractByteBuf: -Dio.netty.buffer.bytebuf.checkAccessible: true
18/Nov/2020 18:57:08,377- ResourceLeakDetectorFactory: Loaded default ResourceLeakDetector: io.netty.util.ResourceLeakDetector@4d861fb5
18/Nov/2020 19:13:53,016- SensorService:  get sensor data 
18/Nov/2020 19:14:32,445- SensorService:  get sensor data 
18/Nov/2020 19:15:25,985- Example3MainVerticle: apiSave with values  {
  "description" : "medida de temperatura ambiental",
  "measure" : 33.3,
  "type" : "TEMPERATURE"
}
18/Nov/2020 19:15:38,921- SensorService:  get sensor data 
18/Nov/2020 19:16:10,295- SensorService:  get sensor data 
18/Nov/2020 19:16:17,739- SensorService:  get sensor data 
18/Nov/2020 19:19:16,806- SensorService:  get sensor data 
18/Nov/2020 19:19:20,924- SensorService:  get sensor data 
18/Nov/2020 19:19:21,862- SensorService:  get sensor data 
18/Nov/2020 19:19:22,622- SensorService:  get sensor data 
18/Nov/2020 19:19:23,398- SensorService:  get sensor data 
18/Nov/2020 19:19:24,162- SensorService:  get sensor data 
18/Nov/2020 19:19:24,944- SensorService:  get sensor data 
18/Nov/2020 19:19:25,691- SensorService:  get sensor data 
18/Nov/2020 19:19:26,414- SensorService:  get sensor data 
18/Nov/2020 19:19:27,078- SensorService:  get sensor data 
18/Nov/2020 19:20:32,776- Example3MainVerticle: apiSave with values  {
  "description" : "medida de temperatura ambiental",
  "measure" : 22.2,
  "type" : "TEMPERATURE"
}
18/Nov/2020 19:20:39,451- Example3MainVerticle: apiSave with values  {
  "description" : "medida de temperatura ambiental",
  "measure" : 11.1,
  "type" : "TEMPERATURE"
}
18/Nov/2020 19:23:48,205- Example3MainVerticle: apiSave with values  {
  "description" : "Medida de temperatura ambiental",
  "measure" : -1.0,
  "type" : "TEMPERATURE"
}
18/Nov/2020 19:23:48,240- Example3MainVerticle: apiSave with values  {
  "description" : "Medida de temperatura ambiental",
  "measure" : 13.0,
  "type" : "TEMPERATURE"
}
18/Nov/2020 19:23:48,476- Example3MainVerticle: apiSave with values  {
  "description" : "Medida de temperatura ambiental",
  "measure" : 18.0,
  "type" : "TEMPERATURE"
}
18/Nov/2020 19:23:48,842- Example3MainVerticle: apiSave with values  {
  "description" : "Medida de temperatura ambiental",
  "measure" : 1.0,
  "type" : "TEMPERATURE"
}
18/Nov/2020 19:23:49,156- Example3MainVerticle: apiSave with values  {
  "description" : "Medida de temperatura ambiental",
  "measure" : 4.0,
  "type" : "TEMPERATURE"
}
18/Nov/2020 19:23:49,343- Example3MainVerticle: apiSave with values  {
  "description" : "Medida de temperatura ambiental",
  "measure" : 39.0,
  "type" : "TEMPERATURE"
}
18/Nov/2020 19:23:50,453- Example3MainVerticle: apiSave with values  {
  "description" : "Medida de temperatura ambiental",
  "measure" : 28.0,
  "type" : "TEMPERATURE"
}
18/Nov/2020 19:23:50,482- Example3MainVerticle: apiSave with values  {
  "description" : "Medida de temperatura ambiental",
  "measure" : 39.0,
  "type" : "TEMPERATURE"
}
18/Nov/2020 19:23:50,733- Example3MainVerticle: apiSave with values  {
  "description" : "Medida de temperatura ambiental",
  "measure" : 38.0,
  "type" : "TEMPERATURE"
}
18/Nov/2020 19:23:51,122- Example3MainVerticle: apiSave with values  {
  "description" : "Medida de temperatura ambiental",
  "measure" : 0.0,
  "type" : "TEMPERATURE"
}
18/Nov/2020 19:23:51,351- Example3MainVerticle: apiSave with values  {
  "description" : "Medida de temperatura ambiental",
  "measure" : 36.0,
  "type" : "TEMPERATURE"
}
18/Nov/2020 19:23:52,251- Example3MainVerticle: apiSave with values  {
  "description" : "Medida de temperatura ambiental",
  "measure" : 13.0,
  "type" : "TEMPERATURE"
}
18/Nov/2020 19:23:52,865- Example3MainVerticle: apiSave with values  {
  "description" : "Medida de temperatura ambiental",
  "measure" : 11.0,
  "type" : "TEMPERATURE"
}
18/Nov/2020 19:23:54,058- Example3MainVerticle: apiSave with values  {
  "description" : "Medida de temperatura ambiental",
  "measure" : 22.0,
  "type" : "TEMPERATURE"
}
18/Nov/2020 19:23:54,480- Example3MainVerticle: apiSave with values  {
  "description" : "Medida de temperatura ambiental",
  "measure" : 38.0,
  "type" : "TEMPERATURE"
}
18/Nov/2020 19:23:54,543- Example3MainVerticle: apiSave with values  {
  "description" : "Medida de temperatura ambiental",
  "measure" : 24.0,
  "type" : "TEMPERATURE"
}
18/Nov/2020 19:23:54,562- Example3MainVerticle: apiSave with values  {
  "description" : "Medida de temperatura ambiental",
  "measure" : 13.0,
  "type" : "TEMPERATURE"
}
18/Nov/2020 19:23:54,740- Example3MainVerticle: apiSave with values  {
  "description" : "Medida de temperatura ambiental",
  "measure" : 35.0,
  "type" : "TEMPERATURE"
}
18/Nov/2020 19:23:54,752- Example3MainVerticle: apiSave with values  {
  "description" : "Medida de temperatura ambiental",
  "measure" : 10.0,
  "type" : "TEMPERATURE"
}
18/Nov/2020 19:23:54,758- Example3MainVerticle: apiSave with values  {
  "description" : "Medida de temperatura ambiental",
  "measure" : 4.0,
  "type" : "TEMPERATURE"
}
18/Nov/2020 19:23:54,764- Example3MainVerticle: apiSave with values  {
  "description" : "Medida de temperatura ambiental",
  "measure" : 26.0,
  "type" : "TEMPERATURE"
}
18/Nov/2020 19:23:54,786- Example3MainVerticle: apiSave with values  {
  "description" : "Medida de temperatura ambiental",
  "measure" : 24.0,
  "type" : "TEMPERATURE"
}
18/Nov/2020 19:23:54,822- Example3MainVerticle: apiSave with values  {
  "description" : "Medida de temperatura ambiental",
  "measure" : 8.0,
  "type" : "TEMPERATURE"
}
18/Nov/2020 19:23:54,930- Example3MainVerticle: apiSave with values  {
  "description" : "Medida de temperatura ambiental",
  "measure" : 12.0,
  "type" : "TEMPERATURE"
}
18/Nov/2020 19:23:55,134- Example3MainVerticle: apiSave with values  {
  "description" : "Medida de temperatura ambiental",
  "measure" : 8.0,
  "type" : "TEMPERATURE"
}
18/Nov/2020 19:28:34,242- SensorService:  get sensor data 
18/Nov/2020 19:28:57,762- SensorService:  get worker sync data
18/Nov/2020 19:28:57,965- SensorService:  get sensor data 
18/Nov/2020 19:29:09,714- SensorService:  get sensor data 
18/Nov/2020 19:29:11,037- SensorService:  get sensor data 
18/Nov/2020 19:29:12,521- SensorService:  get sensor data 
18/Nov/2020 19:29:13,527- SensorService:  get sensor data 
18/Nov/2020 19:29:16,822- SensorService:  get worker sync data
18/Nov/2020 19:29:17,023- SensorService:  get sensor data 
18/Nov/2020 19:29:17,999- SensorService:  get worker sync data
18/Nov/2020 19:29:18,206- SensorService:  get sensor data 
18/Nov/2020 19:29:19,146- SensorService:  get worker sync data
18/Nov/2020 19:29:19,349- SensorService:  get sensor data 
18/Nov/2020 19:29:20,338- SensorService:  get worker sync data
18/Nov/2020 19:29:20,539- SensorService:  get sensor data 
18/Nov/2020 19:29:22,612- SensorService:  get worker sync data
18/Nov/2020 19:29:22,814- SensorService:  get sensor data 
18/Nov/2020 19:29:23,544- SensorService:  get worker sync data
18/Nov/2020 19:29:23,744- SensorService:  get sensor data 
18/Nov/2020 21:15:03,787- InternalLoggerFactory: Using SLF4J as the default logging framework
18/Nov/2020 21:15:03,797- ResourceLeakDetector: -Dio.netty.leakDetection.level: simple
18/Nov/2020 21:15:03,797- ResourceLeakDetector: -Dio.netty.leakDetection.maxRecords: 4
18/Nov/2020 21:15:03,822- MultithreadEventLoopGroup: -Dio.netty.eventLoopThreads: 8
18/Nov/2020 21:15:03,844- PlatformDependent: -Dio.netty.noUnsafe: false
18/Nov/2020 21:15:03,851- PlatformDependent0: java.nio.Buffer.address: available
18/Nov/2020 21:15:03,852- PlatformDependent0: sun.misc.Unsafe.theUnsafe: available
18/Nov/2020 21:15:03,854- PlatformDependent0: sun.misc.Unsafe.copyMemory: available
18/Nov/2020 21:15:03,855- PlatformDependent0: direct buffer constructor: available
18/Nov/2020 21:15:03,857- PlatformDependent0: java.nio.Bits.unaligned: available, true
18/Nov/2020 21:15:03,857- PlatformDependent0: java.nio.DirectByteBuffer.<init>(long, int): available
18/Nov/2020 21:15:03,860- Cleaner0: java.nio.ByteBuffer.cleaner(): unavailable
18/Nov/2020 21:15:03,861- PlatformDependent: Platform: Windows
18/Nov/2020 21:15:03,862- PlatformDependent: Java version: 14
18/Nov/2020 21:15:03,862- PlatformDependent: sun.misc.Unsafe: available
18/Nov/2020 21:15:03,864- PlatformDependent: maxDirectMemory: 1589641216 bytes (maybe)
18/Nov/2020 21:15:03,864- PlatformDependent: -Dio.netty.noJavassist: false
18/Nov/2020 21:15:03,866- PlatformDependent: Javassist: unavailable
18/Nov/2020 21:15:03,866- PlatformDependent: You don't have Javassist in your class path or you don't have enough permission to load dynamically generated classes.  Please check the configuration for better performance.
18/Nov/2020 21:15:03,868- PlatformDependent: -Dio.netty.tmpdir: C:\Users\ap-gomez\AppData\Local\Temp (java.io.tmpdir)
18/Nov/2020 21:15:03,869- PlatformDependent: -Dio.netty.bitMode: 64 (sun.arch.data.model)
18/Nov/2020 21:15:03,870- PlatformDependent: -Dio.netty.noPreferDirect: false
18/Nov/2020 21:15:03,871- PlatformDependent: maxDirectMemory: 1589641216 bytes (maybe)
18/Nov/2020 21:15:03,871- PlatformDependent: io.netty.maxDirectMemory: 1589641216 bytes
18/Nov/2020 21:15:03,905- NioEventLoop: -Dio.netty.noKeySetOptimization: false
18/Nov/2020 21:15:03,905- NioEventLoop: -Dio.netty.selectorAutoRebuildThreshold: 512
18/Nov/2020 21:15:03,910- PlatformDependent: org.jctools-core.MpscChunkedArrayQueue: available
18/Nov/2020 21:15:04,096- DnsServerAddresses: Default DNS servers: [/10.0.196.139:53, /10.0.196.141:53, /200.52.170.150:53] (sun.net.dns.ResolverConfiguration)
18/Nov/2020 21:15:05,296- PooledByteBufAllocator: -Dio.netty.allocator.numHeapArenas: 8
18/Nov/2020 21:15:05,296- PooledByteBufAllocator: -Dio.netty.allocator.numDirectArenas: 8
18/Nov/2020 21:15:05,297- PooledByteBufAllocator: -Dio.netty.allocator.pageSize: 8192
18/Nov/2020 21:15:05,297- PooledByteBufAllocator: -Dio.netty.allocator.maxOrder: 11
18/Nov/2020 21:15:05,298- PooledByteBufAllocator: -Dio.netty.allocator.chunkSize: 16777216
18/Nov/2020 21:15:05,299- PooledByteBufAllocator: -Dio.netty.allocator.tinyCacheSize: 512
18/Nov/2020 21:15:05,299- PooledByteBufAllocator: -Dio.netty.allocator.smallCacheSize: 256
18/Nov/2020 21:15:05,299- PooledByteBufAllocator: -Dio.netty.allocator.normalCacheSize: 64
18/Nov/2020 21:15:05,300- PooledByteBufAllocator: -Dio.netty.allocator.maxCachedBufferCapacity: 32768
18/Nov/2020 21:15:05,300- PooledByteBufAllocator: -Dio.netty.allocator.cacheTrimInterval: 8192
18/Nov/2020 21:15:05,300- PooledByteBufAllocator: -Dio.netty.allocator.useCacheForAllThreads: true
18/Nov/2020 21:15:05,341- NetUtil: -Djava.net.preferIPv4Stack: false
18/Nov/2020 21:15:05,342- NetUtil: -Djava.net.preferIPv6Addresses: false
18/Nov/2020 21:15:05,354- NetUtil: Loopback interface: lo (Software Loopback Interface 1, 127.0.0.1)
18/Nov/2020 21:15:05,355- NetUtil: \proc\sys\net\core\somaxconn: 200 (non-existent)
18/Nov/2020 21:15:05,401- DefaultChannelId: -Dio.netty.processId: 6320 (auto-detected)
18/Nov/2020 21:15:05,424- DefaultChannelId: -Dio.netty.machineId: f0:bf:97:ff:fe:da:93:38 (auto-detected)
18/Nov/2020 21:15:05,427- ThreadLocalRandom: -Dio.netty.initialSeedUniquifier: 0x59291677fa80e5d7
18/Nov/2020 21:15:05,462- ByteBufUtil: -Dio.netty.allocator.type: pooled
18/Nov/2020 21:15:05,462- ByteBufUtil: -Dio.netty.threadLocalDirectBufferSize: 65536
18/Nov/2020 21:15:05,463- ByteBufUtil: -Dio.netty.maxThreadLocalCharBufferSize: 16384
18/Nov/2020 21:15:05,480- Example3MainVerticle:  started Example3HttpServerVerticle
18/Nov/2020 21:15:05,484- Example3MainVerticle:  started Example3HttpServerVerticle
18/Nov/2020 21:15:05,484- Example3MainVerticle:  started Example3HttpServerVerticle
18/Nov/2020 21:15:05,486- Example3MainVerticle:  started Example3HttpServerVerticle
18/Nov/2020 21:15:05,487- Example3MainVerticle:  started Example3HttpServerVerticle
18/Nov/2020 21:15:05,487- Example3MainVerticle:  started Example3HttpServerVerticle
18/Nov/2020 21:15:05,488- Example3MainVerticle:  started Example3HttpServerVerticle
18/Nov/2020 21:15:05,489- Example3MainVerticle:  started Example3HttpServerVerticle
18/Nov/2020 21:15:05,497- Example3MainVerticle: Deployment verticle  ok Example3HttpServerVerticle 
18/Nov/2020 21:15:05,501- SensorService: Service  verticle.worker.get.sensor started.
18/Nov/2020 21:15:05,502- SensorService: Service  verticle.worker.get.sensor started.
18/Nov/2020 21:15:05,503- SensorService: Service  verticle.worker.get.sensor started.
18/Nov/2020 21:15:05,504- SensorService: Service  verticle.worker.get.sensor started.
18/Nov/2020 21:15:05,505- SensorService: Service  verticle.worker.get.sensor started.
18/Nov/2020 21:15:05,506- Example3MainVerticle: Deployment verticle  ok SensorWorkerGetVerticle 
